<?xml version="1.0" encoding="UTF-8"?>
<testng-results skipped="0" failed="0" ignored="0" total="4" passed="4">
  <reporter-output>
  </reporter-output>
  <suite name="Default suite" duration-ms="177209" started-at="2020-02-24T11:06:25 IST" finished-at="2020-02-24T11:09:22 IST">
    <groups>
    </groups>
    <test name="Default test" duration-ms="177209" started-at="2020-02-24T11:06:25 IST" finished-at="2020-02-24T11:09:22 IST">
      <class name="MarketingTest.TestMarketing">
        <test-method status="PASS" signature="setUp()[pri:0, instance:MarketingTest.TestMarketing@7d0587f1]" name="setUp" is-config="true" duration-ms="30240" started-at="2020-02-24T11:06:25 IST" finished-at="2020-02-24T11:06:55 IST">
          <reporter-output>
          </reporter-output>
        </test-method> <!-- setUp -->
        <test-method status="PASS" signature="Validate_Markeing_Page()[pri:1, instance:MarketingTest.TestMarketing@7d0587f1]" name="Validate_Markeing_Page" duration-ms="22450" started-at="2020-02-24T11:06:55 IST" finished-at="2020-02-24T11:07:18 IST">
          <reporter-output>
          </reporter-output>
        </test-method> <!-- Validate_Markeing_Page -->
        <test-method status="PASS" signature="TearDown()[pri:0, instance:MarketingTest.TestMarketing@7d0587f1]" name="TearDown" is-config="true" duration-ms="543" started-at="2020-02-24T11:07:18 IST" finished-at="2020-02-24T11:07:18 IST">
          <reporter-output>
          </reporter-output>
        </test-method> <!-- TearDown -->
        <test-method status="PASS" signature="setUp()[pri:0, instance:MarketingTest.TestMarketing@7d0587f1]" name="setUp" is-config="true" duration-ms="11703" started-at="2020-02-24T11:07:18 IST" finished-at="2020-02-24T11:07:30 IST">
          <reporter-output>
          </reporter-output>
        </test-method> <!-- setUp -->
        <test-method status="PASS" signature="Validate_AMO_Page()[pri:2, instance:MarketingTest.TestMarketing@7d0587f1]" name="Validate_AMO_Page" duration-ms="28224" started-at="2020-02-24T11:07:30 IST" finished-at="2020-02-24T11:07:58 IST">
          <reporter-output>
          </reporter-output>
        </test-method> <!-- Validate_AMO_Page -->
        <test-method status="PASS" signature="TearDown()[pri:0, instance:MarketingTest.TestMarketing@7d0587f1]" name="TearDown" is-config="true" duration-ms="531" started-at="2020-02-24T11:07:58 IST" finished-at="2020-02-24T11:07:59 IST">
          <reporter-output>
          </reporter-output>
        </test-method> <!-- TearDown -->
        <test-method status="PASS" signature="setUp()[pri:0, instance:MarketingTest.TestMarketing@7d0587f1]" name="setUp" is-config="true" duration-ms="11092" started-at="2020-02-24T11:07:59 IST" finished-at="2020-02-24T11:08:10 IST">
          <reporter-output>
          </reporter-output>
        </test-method> <!-- setUp -->
        <test-method status="PASS" signature="Validate_Features_Page()[pri:3, instance:MarketingTest.TestMarketing@7d0587f1]" name="Validate_Features_Page" duration-ms="30610" started-at="2020-02-24T11:08:10 IST" finished-at="2020-02-24T11:08:40 IST">
          <reporter-output>
          </reporter-output>
        </test-method> <!-- Validate_Features_Page -->
        <test-method status="PASS" signature="TearDown()[pri:0, instance:MarketingTest.TestMarketing@7d0587f1]" name="TearDown" is-config="true" duration-ms="536" started-at="2020-02-24T11:08:40 IST" finished-at="2020-02-24T11:08:41 IST">
          <reporter-output>
          </reporter-output>
        </test-method> <!-- TearDown -->
        <test-method status="PASS" signature="setUp()[pri:0, instance:MarketingTest.TestMarketing@7d0587f1]" name="setUp" is-config="true" duration-ms="12213" started-at="2020-02-24T11:08:41 IST" finished-at="2020-02-24T11:08:53 IST">
          <reporter-output>
          </reporter-output>
        </test-method> <!-- setUp -->
        <test-method status="PASS" signature="Validate_PRL_Page()[pri:4, instance:MarketingTest.TestMarketing@7d0587f1]" name="Validate_PRL_Page" duration-ms="28456" started-at="2020-02-24T11:08:53 IST" finished-at="2020-02-24T11:09:21 IST">
          <reporter-output>
          </reporter-output>
        </test-method> <!-- Validate_PRL_Page -->
        <test-method status="PASS" signature="TearDown()[pri:0, instance:MarketingTest.TestMarketing@7d0587f1]" name="TearDown" is-config="true" duration-ms="533" started-at="2020-02-24T11:09:21 IST" finished-at="2020-02-24T11:09:22 IST">
          <reporter-output>
          </reporter-output>
        </test-method> <!-- TearDown -->
      </class> <!-- MarketingTest.TestMarketing -->
    </test> <!-- Default test -->
  </suite> <!-- Default suite -->
</testng-results>
