<?xml version="1.0" encoding="UTF-8"?>
<testng-results skipped="0" failed="1" ignored="0" total="4" passed="3">
  <reporter-output>
  </reporter-output>
  <suite name="Default suite" duration-ms="223765" started-at="2020-02-20T16:35:22 IST" finished-at="2020-02-20T16:39:06 IST">
    <groups>
    </groups>
    <test name="Default test" duration-ms="223765" started-at="2020-02-20T16:35:22 IST" finished-at="2020-02-20T16:39:06 IST">
      <class name="MarketingTest.TestMarketing">
        <test-method status="PASS" signature="setUp()[pri:0, instance:MarketingTest.TestMarketing@5a8806ef]" name="setUp" is-config="true" duration-ms="15264" started-at="2020-02-20T16:35:22 IST" finished-at="2020-02-20T16:35:38 IST">
          <reporter-output>
          </reporter-output>
        </test-method> <!-- setUp -->
        <test-method status="PASS" signature="Validate_Markeing_Page()[pri:1, instance:MarketingTest.TestMarketing@5a8806ef]" name="Validate_Markeing_Page" duration-ms="42235" started-at="2020-02-20T16:35:38 IST" finished-at="2020-02-20T16:36:20 IST">
          <reporter-output>
          </reporter-output>
        </test-method> <!-- Validate_Markeing_Page -->
        <test-method status="PASS" signature="TearDown()[pri:0, instance:MarketingTest.TestMarketing@5a8806ef]" name="TearDown" is-config="true" duration-ms="562" started-at="2020-02-20T16:36:20 IST" finished-at="2020-02-20T16:36:20 IST">
          <reporter-output>
          </reporter-output>
        </test-method> <!-- TearDown -->
        <test-method status="PASS" signature="setUp()[pri:0, instance:MarketingTest.TestMarketing@5a8806ef]" name="setUp" is-config="true" duration-ms="14785" started-at="2020-02-20T16:36:20 IST" finished-at="2020-02-20T16:36:35 IST">
          <reporter-output>
          </reporter-output>
        </test-method> <!-- setUp -->
        <test-method status="PASS" signature="Validate_AMO_Page()[pri:2, instance:MarketingTest.TestMarketing@5a8806ef]" name="Validate_AMO_Page" duration-ms="35606" started-at="2020-02-20T16:36:35 IST" finished-at="2020-02-20T16:37:11 IST">
          <reporter-output>
          </reporter-output>
        </test-method> <!-- Validate_AMO_Page -->
        <test-method status="PASS" signature="TearDown()[pri:0, instance:MarketingTest.TestMarketing@5a8806ef]" name="TearDown" is-config="true" duration-ms="562" started-at="2020-02-20T16:37:11 IST" finished-at="2020-02-20T16:37:11 IST">
          <reporter-output>
          </reporter-output>
        </test-method> <!-- TearDown -->
        <test-method status="PASS" signature="setUp()[pri:0, instance:MarketingTest.TestMarketing@5a8806ef]" name="setUp" is-config="true" duration-ms="14804" started-at="2020-02-20T16:37:11 IST" finished-at="2020-02-20T16:37:26 IST">
          <reporter-output>
          </reporter-output>
        </test-method> <!-- setUp -->
        <test-method status="FAIL" signature="Validate_Features_Page()[pri:3, instance:MarketingTest.TestMarketing@5a8806ef]" name="Validate_Features_Page" duration-ms="58925" started-at="2020-02-20T16:37:26 IST" finished-at="2020-02-20T16:38:25 IST">
          <exception class="org.openqa.selenium.TimeoutException">
            <message>
              <![CDATA[Timed out waiting for page to load.
Build info: version: '3.141.59', revision: 'e82be7d358', time: '2018-11-14T08:25:53'
System info: host: 'PULIVARS2', ip: '15.75.18.74', os.name: 'Windows 10', os.arch: 'amd64', os.version: '10.0', java.version: '1.8.0_221'
Driver info: org.openqa.selenium.ie.InternetExplorerDriver
Capabilities {acceptInsecureCerts: false, browserName: internet explorer, browserVersion: 11, javascriptEnabled: true, pageLoadStrategy: normal, platform: WINDOWS, platformName: WINDOWS, proxy: Proxy(), se:ieOptions: {browserAttachTimeout: 0, elementScrollBehavior: 0, enablePersistentHover: true, ie.browserCommandLineSwitches: , ie.ensureCleanSession: false, ie.fileUploadDialogTimeout: 3000, ie.forceCreateProcessApi: false, ignoreProtectedModeSettings: false, ignoreZoomSetting: false, initialBrowserUrl: http://localhost:16638/, nativeEvents: true, requireWindowFocus: false}, setWindowRect: true, timeouts: {implicit: 0, pageLoad: 300000, script: 30000}}
Session ID: 72aab745-e9f8-4cae-b1be-eda1d17a46eb]]>
            </message>
            <full-stacktrace>
              <![CDATA[org.openqa.selenium.TimeoutException: Timed out waiting for page to load.
Build info: version: '3.141.59', revision: 'e82be7d358', time: '2018-11-14T08:25:53'
System info: host: 'PULIVARS2', ip: '15.75.18.74', os.name: 'Windows 10', os.arch: 'amd64', os.version: '10.0', java.version: '1.8.0_221'
Driver info: org.openqa.selenium.ie.InternetExplorerDriver
Capabilities {acceptInsecureCerts: false, browserName: internet explorer, browserVersion: 11, javascriptEnabled: true, pageLoadStrategy: normal, platform: WINDOWS, platformName: WINDOWS, proxy: Proxy(), se:ieOptions: {browserAttachTimeout: 0, elementScrollBehavior: 0, enablePersistentHover: true, ie.browserCommandLineSwitches: , ie.ensureCleanSession: false, ie.fileUploadDialogTimeout: 3000, ie.forceCreateProcessApi: false, ignoreProtectedModeSettings: false, ignoreZoomSetting: false, initialBrowserUrl: http://localhost:16638/, nativeEvents: true, requireWindowFocus: false}, setWindowRect: true, timeouts: {implicit: 0, pageLoad: 300000, script: 30000}}
Session ID: 72aab745-e9f8-4cae-b1be-eda1d17a46eb
at sun.reflect.NativeConstructorAccessorImpl.newInstance0(Native Method)
at sun.reflect.NativeConstructorAccessorImpl.newInstance(Unknown Source)
at sun.reflect.DelegatingConstructorAccessorImpl.newInstance(Unknown Source)
at java.lang.reflect.Constructor.newInstance(Unknown Source)
at org.openqa.selenium.remote.http.W3CHttpResponseCodec.createException(W3CHttpResponseCodec.java:187)
at org.openqa.selenium.remote.http.W3CHttpResponseCodec.decode(W3CHttpResponseCodec.java:122)
at org.openqa.selenium.remote.http.W3CHttpResponseCodec.decode(W3CHttpResponseCodec.java:49)
at org.openqa.selenium.remote.HttpCommandExecutor.execute(HttpCommandExecutor.java:158)
at org.openqa.selenium.remote.service.DriverCommandExecutor.execute(DriverCommandExecutor.java:83)
at org.openqa.selenium.remote.RemoteWebDriver.execute(RemoteWebDriver.java:552)
at org.openqa.selenium.remote.RemoteWebElement.execute(RemoteWebElement.java:285)
at org.openqa.selenium.remote.RemoteWebElement.click(RemoteWebElement.java:84)
at sun.reflect.NativeMethodAccessorImpl.invoke0(Native Method)
at sun.reflect.NativeMethodAccessorImpl.invoke(Unknown Source)
at sun.reflect.DelegatingMethodAccessorImpl.invoke(Unknown Source)
at java.lang.reflect.Method.invoke(Unknown Source)
at org.openqa.selenium.support.pagefactory.internal.LocatingElementHandler.invoke(LocatingElementHandler.java:51)
at com.sun.proxy.$Proxy9.click(Unknown Source)
at Marketing.Feature_SRP_AMO_Tech_AV.CreatingFeatures(Feature_SRP_AMO_Tech_AV.java:30)
at MarketingTest.TestMarketing.Validate_Features_Page(TestMarketing.java:65)
at sun.reflect.NativeMethodAccessorImpl.invoke0(Native Method)
at sun.reflect.NativeMethodAccessorImpl.invoke(Unknown Source)
at sun.reflect.DelegatingMethodAccessorImpl.invoke(Unknown Source)
at java.lang.reflect.Method.invoke(Unknown Source)
at org.testng.internal.MethodInvocationHelper.invokeMethod(MethodInvocationHelper.java:133)
at org.testng.internal.TestInvoker.invokeMethod(TestInvoker.java:584)
at org.testng.internal.TestInvoker.invokeTestMethod(TestInvoker.java:172)
at org.testng.internal.MethodRunner.runInSequence(MethodRunner.java:46)
at org.testng.internal.TestInvoker$MethodInvocationAgent.invoke(TestInvoker.java:804)
at org.testng.internal.TestInvoker.invokeTestMethods(TestInvoker.java:145)
at org.testng.internal.TestMethodWorker.invokeTestMethods(TestMethodWorker.java:146)
at org.testng.internal.TestMethodWorker.run(TestMethodWorker.java:128)
at java.util.ArrayList.forEach(Unknown Source)
at org.testng.TestRunner.privateRun(TestRunner.java:770)
at org.testng.TestRunner.run(TestRunner.java:591)
at org.testng.SuiteRunner.runTest(SuiteRunner.java:402)
at org.testng.SuiteRunner.runSequentially(SuiteRunner.java:396)
at org.testng.SuiteRunner.privateRun(SuiteRunner.java:355)
at org.testng.SuiteRunner.run(SuiteRunner.java:304)
at org.testng.SuiteRunnerWorker.runSuite(SuiteRunnerWorker.java:53)
at org.testng.SuiteRunnerWorker.run(SuiteRunnerWorker.java:96)
at org.testng.TestNG.runSuitesSequentially(TestNG.java:1180)
at org.testng.TestNG.runSuitesLocally(TestNG.java:1102)
at org.testng.TestNG.runSuites(TestNG.java:1032)
at org.testng.TestNG.run(TestNG.java:1000)
at org.testng.remote.AbstractRemoteTestNG.run(AbstractRemoteTestNG.java:115)
at org.testng.remote.RemoteTestNG.initAndRun(RemoteTestNG.java:251)
at org.testng.remote.RemoteTestNG.main(RemoteTestNG.java:77)
]]>
            </full-stacktrace>
          </exception> <!-- org.openqa.selenium.TimeoutException -->
          <reporter-output>
          </reporter-output>
        </test-method> <!-- Validate_Features_Page -->
        <test-method status="PASS" signature="TearDown()[pri:0, instance:MarketingTest.TestMarketing@5a8806ef]" name="TearDown" is-config="true" duration-ms="672" started-at="2020-02-20T16:38:25 IST" finished-at="2020-02-20T16:38:26 IST">
          <reporter-output>
          </reporter-output>
        </test-method> <!-- TearDown -->
        <test-method status="PASS" signature="setUp()[pri:0, instance:MarketingTest.TestMarketing@5a8806ef]" name="setUp" is-config="true" duration-ms="15309" started-at="2020-02-20T16:38:26 IST" finished-at="2020-02-20T16:38:41 IST">
          <reporter-output>
          </reporter-output>
        </test-method> <!-- setUp -->
        <test-method status="PASS" signature="Validate_PRL_Page()[pri:4, instance:MarketingTest.TestMarketing@5a8806ef]" name="Validate_PRL_Page" duration-ms="24415" started-at="2020-02-20T16:38:41 IST" finished-at="2020-02-20T16:39:06 IST">
          <reporter-output>
          </reporter-output>
        </test-method> <!-- Validate_PRL_Page -->
        <test-method status="PASS" signature="TearDown()[pri:0, instance:MarketingTest.TestMarketing@5a8806ef]" name="TearDown" is-config="true" duration-ms="563" started-at="2020-02-20T16:39:06 IST" finished-at="2020-02-20T16:39:06 IST">
          <reporter-output>
          </reporter-output>
        </test-method> <!-- TearDown -->
      </class> <!-- MarketingTest.TestMarketing -->
    </test> <!-- Default test -->
  </suite> <!-- Default suite -->
</testng-results>
