<?xml version="1.0" encoding="UTF-8"?>
<!-- Generated by org.testng.reporters.JUnitXMLReporter -->
<testsuite hostname="PULIVARS1" ignored="0" name="Default test" tests="3" failures="0" timestamp="2019-11-07T21:23:11 IST" time="48.664" errors="0">
  <testcase name="logincheck" time="21.48" classname="DataProvider.datadriven"/>
  <testcase name="logincheck" time="13.733" classname="DataProvider.datadriven"/>
  <testcase name="logincheck" time="13.207" classname="DataProvider.datadriven"/>
</testsuite> <!-- Default test -->
