<?xml version="1.0" encoding="UTF-8"?>
<!-- Generated by org.testng.reporters.JUnitXMLReporter -->
<testsuite hostname="PULIVARS2" ignored="10" name="Default test" tests="1" failures="0" timestamp="2020-02-24T10:57:11 IST" time="0.141" errors="0">
  <testcase name="@BeforeMethod setUp" time="0.014" classname="GeneralTest.TestGeneraltab">
    <failure type="java.lang.NullPointerException">
      <![CDATA[java.lang.NullPointerException
at Com.Qa.Base.Base.initialization(Base.java:39)
at GeneralTest.TestGeneraltab.setUp(TestGeneraltab.java:44)
at sun.reflect.NativeMethodAccessorImpl.invoke0(Native Method)
at sun.reflect.NativeMethodAccessorImpl.invoke(Unknown Source)
at sun.reflect.DelegatingMethodAccessorImpl.invoke(Unknown Source)
at java.lang.reflect.Method.invoke(Unknown Source)
at org.testng.internal.MethodInvocationHelper.invokeMethod(MethodInvocationHelper.java:133)
at org.testng.internal.MethodInvocationHelper.invokeMethodConsideringTimeout(MethodInvocationHelper.java:62)
at org.testng.internal.ConfigInvoker.invokeConfigurationMethod(ConfigInvoker.java:340)
at org.testng.internal.ConfigInvoker.invokeConfigurations(ConfigInvoker.java:294)
at org.testng.internal.TestInvoker.runConfigMethods(TestInvoker.java:683)
at org.testng.internal.TestInvoker.invokeMethod(TestInvoker.java:510)
at org.testng.internal.TestInvoker.invokeTestMethod(TestInvoker.java:172)
at org.testng.internal.MethodRunner.runInSequence(MethodRunner.java:46)
at org.testng.internal.TestInvoker$MethodInvocationAgent.invoke(TestInvoker.java:804)
at org.testng.internal.TestInvoker.invokeTestMethods(TestInvoker.java:145)
at org.testng.internal.TestMethodWorker.invokeTestMethods(TestMethodWorker.java:146)
at org.testng.internal.TestMethodWorker.run(TestMethodWorker.java:128)
at java.util.ArrayList.forEach(Unknown Source)
at org.testng.TestRunner.privateRun(TestRunner.java:770)
at org.testng.TestRunner.run(TestRunner.java:591)
at org.testng.SuiteRunner.runTest(SuiteRunner.java:402)
at org.testng.SuiteRunner.runSequentially(SuiteRunner.java:396)
at org.testng.SuiteRunner.privateRun(SuiteRunner.java:355)
at org.testng.SuiteRunner.run(SuiteRunner.java:304)
at org.testng.SuiteRunnerWorker.runSuite(SuiteRunnerWorker.java:53)
at org.testng.SuiteRunnerWorker.run(SuiteRunnerWorker.java:96)
at org.testng.TestNG.runSuitesSequentially(TestNG.java:1180)
at org.testng.TestNG.runSuitesLocally(TestNG.java:1102)
at org.testng.TestNG.runSuites(TestNG.java:1032)
at org.testng.TestNG.run(TestNG.java:1000)
at org.testng.remote.AbstractRemoteTestNG.run(AbstractRemoteTestNG.java:115)
at org.testng.remote.RemoteTestNG.initAndRun(RemoteTestNG.java:251)
at org.testng.remote.RemoteTestNG.main(RemoteTestNG.java:77)
]]>
    </failure>
  </testcase> <!-- @BeforeMethod setUp -->
  <testcase name="@AfterMethod TearDown" time="-1.582522031146E9" classname="GeneralTest.TestGeneraltab">
    <skipped/>
  </testcase> <!-- @AfterMethod TearDown -->
  <testcase name="HomePageTitleTest" time="0.0" classname="GeneralTest.TestGeneraltab">
    <skipped/>
  </testcase> <!-- HomePageTitleTest -->
  <testcase name="validateUserAccount" time="0.0" classname="GeneralTest.TestGeneraltab">
    <ignored/>
  </testcase> <!-- validateUserAccount -->
  <testcase name="validateFindAgencyNoteBook" time="0.0" classname="GeneralTest.TestGeneraltab">
    <ignored/>
  </testcase> <!-- validateFindAgencyNoteBook -->
  <testcase name="validateFindComponent" time="0.0" classname="GeneralTest.TestGeneraltab">
    <ignored/>
  </testcase> <!-- validateFindComponent -->
  <testcase name="validateFindSuddenImpact" time="0.0" classname="GeneralTest.TestGeneraltab">
    <ignored/>
  </testcase> <!-- validateFindSuddenImpact -->
  <testcase name="validateFindFeature" time="0.0" classname="GeneralTest.TestGeneraltab">
    <ignored/>
  </testcase> <!-- validateFindFeature -->
  <testcase name="validateFindProduct" time="0.0" classname="GeneralTest.TestGeneraltab">
    <ignored/>
  </testcase> <!-- validateFindProduct -->
  <testcase name="validateFindChangeRequest" time="0.0" classname="GeneralTest.TestGeneraltab">
    <ignored/>
  </testcase> <!-- validateFindChangeRequest -->
  <testcase name="PulsarLogTest" time="0.0" classname="GeneralTest.TestGeneraltab">
    <ignored/>
  </testcase> <!-- PulsarLogTest -->
  <testcase name="VerificationAddProduct" time="0.0" classname="GeneralTest.TestGeneraltab">
    <ignored/>
  </testcase> <!-- VerificationAddProduct -->
  <testcase name="ValidateMarkeing" time="0.0" classname="GeneralTest.TestGeneraltab">
    <ignored/>
  </testcase> <!-- ValidateMarkeing -->
</testsuite> <!-- Default test -->
