<?xml version="1.0" encoding="UTF-8"?>
<!-- Generated by org.testng.reporters.JUnitXMLReporter -->
<testsuite hostname="PULIVARS2" ignored="0" name="Default test" tests="4" failures="0" timestamp="2020-02-24T11:09:22 IST" time="177.209" errors="0">
  <testcase name="Validate_Markeing_Page" time="22.45" classname="MarketingTest.TestMarketing"/>
  <testcase name="Validate_AMO_Page" time="28.224" classname="MarketingTest.TestMarketing"/>
  <testcase name="Validate_Features_Page" time="30.61" classname="MarketingTest.TestMarketing"/>
  <testcase name="Validate_PRL_Page" time="28.456" classname="MarketingTest.TestMarketing"/>
</testsuite> <!-- Default test -->
